[2016-07-09 15:34:15] requirements_debian_update_system
requirements_debian_update_system () 
{ 
    __rvm_try_sudo apt-get --quiet --yes update || { 
        \typeset __ret=$?;
        case ${__ret} in 
            100)
                rvm_error "There has been error while updating 'apt-get', please give it some time and try again later.
404 errors should be fixed for rvm to proceed. Check your sources configured in:
    /etc/apt/sources.list
    /etc/apt/sources.list.d/*.list
"
            ;;
        esac;
        return ${__ret}
    }
}
current path: /home/nitrous/.rvm/src/rvm
PATH=.bundle/binstubs:/usr/local/opt/rbenv/shims:/usr/local/opt/rbenv/bin:/usr/local/opt/nvm/versions/node/v6.0.0/bin:/usr/local/sbin:/usr/local/bin:/usr/sbin:/usr/bin:/sbin:/bin:/usr/games:/usr/local/games:/home/nitrous/.rvm/bin
command(2): requirements_debian_update_system ruby-2.3.0
++ /scripts/functions/requirements/ubuntu : requirements_debian_update_system()  41 > __rvm_try_sudo apt-get --quiet --yes update
++ /scripts/functions/utility : __rvm_try_sudo()  343 > typeset -a command_to_run
++ /scripts/functions/utility : __rvm_try_sudo()  344 > typeset sudo_path sbin_path missing_paths
++ /scripts/functions/utility : __rvm_try_sudo()  345 > command_to_run=("$@")
++ /scripts/functions/utility : __rvm_try_sudo()  346 > ((  UID == 0  ))
++ /scripts/functions/utility : __rvm_try_sudo()  347 > case "$rvm_autolibs_flag_number" in
++ /scripts/functions/utility : __rvm_try_sudo()  362 > is_a_function __rvm_sudo
++ /scripts/functions/support : is_a_function()  5 > typeset -f __rvm_sudo
++ /scripts/functions/utility : __rvm_try_sudo()  364 > missing_paths=
++ /scripts/functions/utility : __rvm_try_sudo()  365 > for sbin_path in /sbin /usr/sbin /usr/local/sbin
++ /scripts/functions/utility : __rvm_try_sudo()  367 > [[ -d /sbin ]]
++ /scripts/functions/utility : __rvm_try_sudo()  367 > [[ :.bundle/binstubs:/usr/local/opt/rbenv/shims:/usr/local/opt/rbenv/bin:/usr/local/opt/nvm/versions/node/v6.0.0/bin:/usr/local/sbin:/usr/local/bin:/usr/sbin:/usr/bin:/sbin:/bin:/usr/games:/usr/local/games:/home/nitrous/.rvm/bin: != *\:\/\s\b\i\n\:* ]]
++ /scripts/functions/utility : __rvm_try_sudo()  365 > for sbin_path in /sbin /usr/sbin /usr/local/sbin
++ /scripts/functions/utility : __rvm_try_sudo()  367 > [[ -d /usr/sbin ]]
++ /scripts/functions/utility : __rvm_try_sudo()  367 > [[ :.bundle/binstubs:/usr/local/opt/rbenv/shims:/usr/local/opt/rbenv/bin:/usr/local/opt/nvm/versions/node/v6.0.0/bin:/usr/local/sbin:/usr/local/bin:/usr/sbin:/usr/bin:/sbin:/bin:/usr/games:/usr/local/games:/home/nitrous/.rvm/bin: != *\:\/\u\s\r\/\s\b\i\n\:* ]]
++ /scripts/functions/utility : __rvm_try_sudo()  365 > for sbin_path in /sbin /usr/sbin /usr/local/sbin
++ /scripts/functions/utility : __rvm_try_sudo()  367 > [[ -d /usr/local/sbin ]]
++ /scripts/functions/utility : __rvm_try_sudo()  367 > [[ :.bundle/binstubs:/usr/local/opt/rbenv/shims:/usr/local/opt/rbenv/bin:/usr/local/opt/nvm/versions/node/v6.0.0/bin:/usr/local/sbin:/usr/local/bin:/usr/sbin:/usr/bin:/sbin:/bin:/usr/games:/usr/local/games:/home/nitrous/.rvm/bin: != *\:\/\u\s\r\/\l\o\c\a\l\/\s\b\i\n\:* ]]
++ /scripts/functions/utility : __rvm_try_sudo()  371 > [[ -n '' ]]
++ /scripts/functions/utility : __rvm_try_sudo()  374 > command_to_run=(__rvm_sudo -p "%p password required for '$*': " "${command_to_run[@]}")
++ /scripts/functions/utility : __rvm_try_sudo()  381 > __rvm_sudo -p '%p password required for '\''apt-get --quiet --yes update'\'': ' apt-get --quiet --yes update
++ /scripts/functions/support : __rvm_sudo()  357 > command sudo -p '%p password required for '\''apt-get --quiet --yes update'\'': ' apt-get --quiet --yes update
++ /scripts/functions/support : __rvm_sudo()  357 > sudo -p '%p password required for '\''apt-get --quiet --yes update'\'': ' apt-get --quiet --yes update
Ign http://mirror.nitrous.io trusty InRelease
Get:1 http://mirror.nitrous.io trusty-updates InRelease [65.9 kB]
Get:2 http://security.ubuntu.com trusty-security InRelease [65.9 kB]
Get:3 http://apt.postgresql.org trusty-pgdg InRelease [33.8 kB]
Ign http://toolbelt.heroku.com ./ InRelease
Hit http://mirror.nitrous.io trusty Release.gpg
Hit http://mirror.nitrous.io trusty Release
Get:4 http://mirror.nitrous.io trusty-updates/main Sources [350 kB]
Get:5 http://toolbelt.heroku.com ./ Release.gpg [473 B]
Get:6 http://apt.postgresql.org trusty-pgdg/main amd64 Packages [97.0 kB]
Get:7 http://toolbelt.heroku.com ./ Release [1,609 B]
Get:8 http://security.ubuntu.com trusty-security/universe Sources [44.1 kB]
Get:9 http://mirror.nitrous.io trusty-updates/restricted Sources [5,217 B]
Get:10 http://mirror.nitrous.io trusty-updates/universe Sources [198 kB]
Get:11 http://toolbelt.heroku.com ./ Packages [720 B]
Get:12 http://security.ubuntu.com trusty-security/multiverse Sources [2,544 B]
Get:13 http://mirror.nitrous.io trusty-updates/main amd64 Packages [991 kB]
Get:14 http://security.ubuntu.com trusty-security/universe amd64 Packages [170 kB]
Get:15 http://security.ubuntu.com trusty-security/multiverse amd64 Packages [4,857 B]
Get:16 http://mirror.nitrous.io trusty-updates/restricted amd64 Packages [23.5 kB]
Get:17 http://mirror.nitrous.io trusty-updates/universe amd64 Packages [469 kB]
Hit http://mirror.nitrous.io trusty/main Sources
Hit http://mirror.nitrous.io trusty/restricted Sources
Hit http://mirror.nitrous.io trusty/universe Sources
Hit http://mirror.nitrous.io trusty/main amd64 Packages
Hit http://mirror.nitrous.io trusty/restricted amd64 Packages
Hit http://mirror.nitrous.io trusty/universe amd64 Packages
Fetched 2,524 kB in 3s (708 kB/s)
Reading package lists...
W: Size of file /var/lib/apt/lists/toolbelt.heroku.com_ubuntu_._Packages.gz is not what the server reported 720 721
